2022 353  6  0    7.51   -1.39  -11.55   325.2   8.41
2022 353  6  1    8.09   -1.34  -11.10   325.2   8.41
2022 353  6  2    7.84   -1.32  -11.28   323.0   8.73
2022 353  6  3    7.61   -1.46  -11.41   321.0   8.94
2022 353  6  4    7.38   -1.60  -11.57   322.3   8.65
2022 353  6  5    7.28    0.19  -11.99   323.1   8.62
2022 353  6  6 9999.99 9999.99 9999.99 99999.9 999.99
2022 353  6  7    7.74   -1.45  -11.40 99999.9 999.99
2022 353  6  8 9999.99 9999.99 9999.99 99999.9 999.99
2022 353  6  9 9999.99 9999.99 9999.99 99999.9 999.99
2022 353  6 10    7.60   -1.33  -11.51 99999.9 999.99
2022 353  6 11    7.59    1.57  -12.03 99999.9 999.99
2022 353  6 12    6.83   -0.61  -12.16   322.7   8.38
2022 353  6 13    8.25   -1.72  -10.95   322.7   8.38
2022 353  6 14    7.61   -1.01  -11.68 99999.9 999.99
2022 353  6 15    7.61   -1.02  -11.68 99999.9 999.99
2022 353  6 16    8.27   -1.62  -10.95 99999.9 999.99
2022 353  6 17    8.67   -0.79  -10.75 99999.9 999.99
2022 353  6 18    7.57    1.55  -12.06 99999.9 999.99
2022 353  6 19    9.15   -0.94  -10.34 99999.9 999.99
2022 353  6 20    7.97   -1.80  -11.15 99999.9 999.99
2022 353  6 21 9999.99 9999.99 9999.99 99999.9 999.99
2022 353  6 22    9.57   -0.65  -10.08 99999.9 999.99
2022 353  6 23    8.11   -1.67  -11.06 99999.9 999.99
2022 353  6 24    8.61    0.38  -11.04   331.0   8.83
2022 353  6 25 9999.99 9999.99 9999.99   331.0   8.83
2022 353  6 26    8.73   -1.34  -10.64   323.3   8.30
2022 353  6 27    9.66   -0.66  -10.04   323.0   8.28
2022 353  6 28 9999.99 9999.99 9999.99 99999.9 999.99
2022 353  6 29    8.78   -1.23  -10.60   323.3   8.02
2022 353  6 30 9999.99 9999.99 9999.99   323.3   8.02
2022 353  6 31    8.54    0.39  -11.07 99999.9 999.99
2022 353  6 32    7.91   -2.01  -11.11 99999.9 999.99
2022 353  6 33    9.61   -0.75  -10.03 99999.9 999.99
2022 353  6 34    9.61   -0.75  -10.03 99999.9 999.99
2022 353  6 35    7.91   -2.14  -11.11 99999.9 999.99
2022 353  6 36    9.64   -0.67  -10.02 99999.9 999.99
2022 353  6 37    7.58    1.38  -12.06 99999.9 999.99
2022 353  6 38    9.59   -0.67  -10.05 99999.9 999.99
2022 353  6 39    7.71   -2.29  -11.26 99999.9 999.99
2022 353  6 40    9.64   -0.67  -10.03 99999.9 999.99
2022 353  6 41    9.64   -0.67  -10.03 99999.9 999.99
2022 353  6 42    7.70   -2.04  -11.32 99999.9 999.99
2022 353  6 43    8.62    0.26  -11.03   322.8   8.21
2022 353  6 44 9999.99 9999.99 9999.99   322.8   8.21
2022 353  6 45    8.75   -1.42  -10.59 99999.9 999.99
2022 353  6 46 9999.99 9999.99 9999.99 99999.9 999.99
2022 353  6 47    9.71   -0.93   -9.93 99999.9 999.99
2022 353  6 48    8.71   -1.59  -10.59   324.3   8.20
2022 353  6 49    7.42    1.49  -12.15   324.3   8.20
2022 353  6 50    8.66    0.32  -10.96 99999.9 999.99
2022 353  6 51    7.34   -2.02  -11.52 99999.9 999.99
2022 353  6 52    9.88   -0.48   -9.79 99999.9 999.99
2022 353  6 53 9999.99 9999.99 9999.99 99999.9 999.99
2022 353  6 54    7.72   -2.16  -11.22 99999.9 999.99
2022 353  6 55    9.58   -0.86   -9.97 99999.9 999.99
2022 353  6 56    7.30    1.56  -12.20 99999.9 999.99
2022 353  6 57   10.07   -0.32   -9.59 99999.9 999.99
2022 353  6 58    7.76   -2.24  -11.18 99999.9 999.99
2022 353  6 59   10.04   -0.49   -9.60   320.8   8.80
2022 353  7  0   10.04   -0.50   -9.60   320.8   8.80
2022 353  7  1    7.77   -2.32  -11.15   320.8   8.80
2022 353  7  2    8.67    0.31  -10.94 99999.9 999.99
2022 353  7  3 9999.99 9999.99 9999.99 99999.9 999.99
2022 353  7  4    8.59   -1.69  -10.62 99999.9 999.99
2022 353  7  5    9.77   -0.82   -9.88 99999.9 999.99
2022 353  7  6 9999.99 9999.99 9999.99 99999.9 999.99
2022 353  7  7    9.42   -1.16  -10.08   320.3   8.19
2022 353  7  8    7.62    0.70  -11.94   320.3   8.19
2022 353  7  9    9.95   -0.78   -9.68   320.3   8.19
2022 353  7 10 9999.99 9999.99 9999.99 99999.9 999.99
2022 353  7 11    8.22   -2.29  -10.82 99999.9 999.99
2022 353  7 12    9.94   -0.99   -9.68 99999.9 999.99
2022 353  7 13 9999.99 9999.99 9999.99 99999.9 999.99
2022 353  7 14    8.49   -0.73  -10.92 99999.9 999.99
2022 353  7 15 9999.99 9999.99 9999.99 99999.9 999.99
2022 353  7 16 9999.99 9999.99 9999.99   321.1   8.68
2022 353  7 17    8.91   -1.69  -10.38   321.1   8.68
2022 353  7 18 9999.99 9999.99 9999.99   321.1   8.68
2022 353  7 19    7.78    0.78  -11.77 99999.9 999.99
2022 353  7 20    7.52    0.19  -11.93 99999.9 999.99
2022 353  7 21    7.57    0.90  -12.06   329.9   9.06
2022 353  7 22    8.29    0.30  -11.38   329.9   9.06
2022 353  7 23    7.70   -0.60  -11.69   328.9   8.91
2022 353  7 24    9.08   -0.41  -10.59   328.9   8.91
2022 353  7 25    7.83    0.81  -12.01 99999.9 999.99
2022 353  7 26    9.13   -0.55  -10.51 99999.9 999.99
2022 353  7 27    7.54   -2.05  -11.45 99999.9 999.99
2022 353  7 28    7.73    0.84  -12.07 99999.9 999.99
2022 353  7 29    8.89   -0.47  -10.75   320.5   7.76
2022 353  7 30    7.39   -2.49  -11.47   320.5   7.76
2022 353  7 31    8.92   -0.37  -10.75   320.5   7.76
2022 353  7 32 9999.99 9999.99 9999.99 99999.9 999.99
2022 353  7 33    7.38   -2.53  -11.48   321.3   8.83
2022 353  7 34    8.72   -0.27  -10.92   321.3   8.83
2022 353  7 35   10.26   -1.50   -9.28   321.3   8.83
2022 353  7 36    7.39   -2.57  -11.46 99999.9 999.99
2022 353  7 37    9.80   -1.24   -9.75 99999.9 999.99
2022 353  7 38 9999.99 9999.99 9999.99 99999.9 999.99
2022 353  7 39    7.84   -0.92  -11.50 99999.9 999.99
2022 353  7 40    8.41   -1.31  -11.01 99999.9 999.99
2022 353  7 41 9999.99 9999.99 9999.99 99999.9 999.99
2022 353  7 42    7.91   -0.79  -11.54 99999.9 999.99
2022 353  7 43    8.92   -1.29  -10.59   332.9   8.95
2022 353  7 44    8.50   -0.41  -11.13   332.9   8.95
2022 353  7 45    8.46   -1.48  -10.91   336.0   8.94
2022 353  7 46    8.22    0.00  -11.58   336.4   8.94
2022 353  7 47    8.23    0.21  -11.66   336.4   8.94
2022 353  7 48    8.57   -0.57  -11.13   334.5   8.72
2022 353  7 49    8.27   -0.47  -11.41   334.5   8.72
2022 353  7 50    8.43   -0.03  -11.49 99999.9 999.99
2022 353  7 51    8.13   -0.01  -11.52   324.8   8.72
2022 353  7 52    8.23   -0.86  -11.23   322.0   7.93
2022 353  7 53    8.19   -0.25  -11.43   321.2   7.69
2022 353  7 54    8.38   -0.21  -11.25   305.3   8.27
2022 353  7 55    8.20   -0.64  -11.22   305.3   8.27
2022 353  7 56    8.07   -0.21  -11.54   334.8   7.05
2022 353  7 57    8.17   -0.27  -11.43   332.9   7.77
2022 353  7 58    8.40   -0.81  -11.03   328.0   8.64
2022 353  7 59    8.56   -0.19  -11.17   324.5   8.56
2022 353  8  0    8.64   -0.21  -11.13   323.5   8.92
2022 353  8  1    8.78   -1.04  -10.75   323.5   8.92
2022 353  8  2    7.95   -0.18  -11.57   330.8   8.94
2022 353  8  3    8.31   -0.80  -11.25   326.9   8.96
2022 353  8  4    8.09   -0.89  -11.31   330.9   8.39
2022 353  8  5    8.57   -0.63  -10.95   328.6   8.50
2022 353  8  6    8.77   -0.89  -10.96   326.1   8.53
2022 353  8  7    9.28   -1.79  -10.28   318.9   8.73
2022 353  8  8    8.60   -0.94  -10.98   322.4   8.69
2022 353  8  9    8.98   -1.40  -10.56   332.5   8.52
2022 353  8 10    8.32   -2.63  -10.77   328.1   8.35
2022 353  8 11    9.88   -1.48   -9.67   321.0   7.81
2022 353  8 12    8.95   -1.53  -10.69   321.0   7.81
2022 353  8 13    9.23   -2.39  -10.02 99999.9 999.99
2022 353  8 14    8.74   -1.62  -10.79 99999.9 999.99
2022 353  8 15    9.33   -1.82  -10.15 99999.9 999.99
2022 353  8 16    8.92   -1.72  -10.63 99999.9 999.99
2022 353  8 17    9.07   -1.99  -10.30 99999.9 999.99
2022 353  8 18 9999.99 9999.99 9999.99 99999.9 999.99
2022 353  8 19    9.52   -1.52  -10.04   325.7   8.48
2022 353  8 20    8.59   -2.39  -10.63   327.4   8.47
2022 353  8 21    9.50   -1.32  -10.10   330.6   8.44
2022 353  8 22 9999.99 9999.99 9999.99 99999.9 999.99
2022 353  8 23    8.77   -2.60  -10.39 99999.9 999.99
2022 353  8 24    9.16   -1.80  -10.41 99999.9 999.99
2022 353  8 25   10.08   -2.27   -9.32 99999.9 999.99
2022 353  8 26    9.09   -2.41  -10.17 99999.9 999.99
2022 353  8 27    9.18   -1.94  -10.37 99999.9 999.99
2022 353  8 28   10.44   -2.95   -8.69 99999.9 999.99
2022 353  8 29    8.38   -2.91  -10.53 99999.9 999.99
2022 353  8 30    9.62   -2.28   -9.82 99999.9 999.99
2022 353  8 31    9.09   -1.90  -10.46 99999.9 999.99
2022 353  8 32    9.13   -2.82   -9.93   321.6   8.54
2022 353  8 33 9999.99 9999.99 9999.99   321.2   8.06
2022 353  8 34    9.08   -1.75  -10.42   330.5   8.12
2022 353  8 35    8.09   -3.10  -10.72   330.5   8.12
2022 353  8 36    8.36   -2.07  -11.01 99999.9 999.99
2022 353  8 37   10.08   -2.57   -9.25 99999.9 999.99
2022 353  8 38    8.76   -1.95  -10.72 99999.9 999.99
2022 353  8 39    7.88   -3.26  -10.81 99999.9 999.99
2022 353  8 40 9999.99 9999.99 9999.99 99999.9 999.99
2022 353  8 41    9.46   -2.27   -9.94 99999.9 999.99
2022 353  8 42    8.00   -2.77  -10.82 99999.9 999.99
2022 353  8 43 9999.99 9999.99 9999.99 99999.9 999.99
2022 353  8 44    9.01   -2.04  -10.46 99999.9 999.99
2022 353  8 45    8.91   -2.49  -10.27 99999.9 999.99
2022 353  8 46    8.02   -3.05  -10.72 99999.9 999.99
2022 353  8 47 9999.99 9999.99 9999.99 99999.9 999.99
2022 353  8 48    9.77   -2.18   -9.65   327.4   8.24
2022 353  8 49    7.98   -3.12  -10.73   327.4   8.24
2022 353  8 50 9999.99 9999.99 9999.99   327.4   8.24
2022 353  8 51 9999.99 9999.99 9999.99 99999.9 999.99
2022 353  8 52    9.16   -2.68   -9.89 99999.9 999.99
2022 353  8 53    9.06   -2.06  -10.41 99999.9 999.99
2022 353  8 54    9.06   -2.07  -10.41 99999.9 999.99
2022 353  8 55    8.22   -3.16  -10.56   319.8   8.17
2022 353  8 56   10.37   -2.29   -9.06   318.6   8.24
2022 353  8 57 9999.99 9999.99 9999.99   317.3   8.32
2022 353  8 58    8.89   -2.66  -10.25 99999.9 999.99
2022 353  8 59    9.87   -2.49   -9.54 99999.9 999.99
2022 353  9  0    9.90   -2.28   -9.57 99999.9 999.99
2022 353  9  1    8.88   -2.71  -10.27 99999.9 999.99
2022 353  9  2    9.13   -1.84  -10.42 99999.9 999.99
2022 353  9  3 9999.99 9999.99 9999.99 99999.9 999.99
2022 353  9  4    8.65   -3.34  -10.18 99999.9 999.99
2022 353  9  5 9999.99 9999.99 9999.99 99999.9 999.99
2022 353  9  6 9999.99 9999.99 9999.99 99999.9 999.99
2022 353  9  7    8.69   -3.49  -10.10 99999.9 999.99
2022 353  9  8 9999.99 9999.99 9999.99 99999.9 999.99
2022 353  9  9 9999.99 9999.99 9999.99 99999.9 999.99
2022 353  9 10    8.58   -3.49  -10.21 99999.9 999.99
2022 353  9 11 9999.99 9999.99 9999.99 99999.9 999.99
2022 353  9 12 9999.99 9999.99 9999.99 99999.9 999.99
2022 353  9 13    8.35   -3.41  -10.40   319.2   7.68
2022 353  9 14 9999.99 9999.99 9999.99   319.2   7.68
2022 353  9 15 9999.99 9999.99 9999.99 99999.9 999.99
2022 353  9 16    8.36   -3.34  -10.40 99999.9 999.99
2022 353  9 17 9999.99 9999.99 9999.99 99999.9 999.99
2022 353  9 18 9999.99 9999.99 9999.99 99999.9 999.99
2022 353  9 19    8.95   -4.12   -9.29   319.1   7.47
2022 353  9 20    9.07   -4.12   -9.20   319.1   7.47
2022 353  9 21    8.81   -3.82   -9.57   318.2   7.20
2022 353  9 22    9.14   -4.46   -9.00   317.8   7.37
2022 353  9 23    9.24   -4.56   -8.75   318.5   7.59
2022 353  9 24    8.99   -4.00   -9.19   319.3   7.42
2022 353  9 25    8.37   -3.39  -10.15   318.3   7.74
2022 353  9 26    9.34   -4.85   -7.99   320.2   8.08
2022 353  9 27    9.32   -4.91   -8.04   319.7   7.41
2022 353  9 28    9.76   -5.22   -7.14   322.4   7.67
2022 353  9 29    9.56   -5.04   -7.58   322.3   8.21
2022 353  9 30    9.46   -5.03   -7.73   321.0   7.83
2022 353  9 31    9.39   -5.11   -7.80   320.8   8.05
2022 353  9 32    9.20   -4.50   -8.63   319.3   7.37
2022 353  9 33    9.22   -4.26   -8.93   320.3   7.53
2022 353  9 34    9.20   -5.28   -7.92   320.0   8.01
2022 353  9 35    8.99   -4.55   -8.76   320.4   7.64
2022 353  9 36    9.35   -4.72   -8.21   319.6   6.91
2022 353  9 37    9.55   -5.15   -7.63   321.0   7.07
2022 353  9 38    9.19   -4.67   -8.48   321.9   7.43
2022 353  9 39    9.26   -4.55   -8.71   318.9   7.79
2022 353  9 40    9.28   -4.58   -8.74   318.9   7.76
2022 353  9 41    9.30   -4.57   -8.59   320.0   7.51
2022 353  9 42    9.03   -4.72   -8.82   319.9   7.58
2022 353  9 43    9.20   -4.90   -8.43   320.0   7.70
2022 353  9 44    9.36   -4.89   -8.12   320.2   7.57
2022 353  9 45    9.40   -5.12   -7.95   320.2   7.53
2022 353  9 46    9.38   -5.32   -7.84   321.3   7.75
2022 353  9 47    9.43   -4.87   -8.30   322.0   7.75
2022 353  9 48    9.59   -4.92   -8.06   322.8   7.66
2022 353  9 49    9.92   -5.08   -7.28   322.8   7.57
2022 353  9 50    9.81   -4.85   -7.59   321.9   7.48
2022 353  9 51    9.60   -5.17   -7.59   321.0   7.55
2022 353  9 52    9.82   -5.43   -6.96   322.5   7.55
2022 353  9 53    9.80   -5.33   -7.17   322.1   7.65
2022 353  9 54    9.43   -4.81   -8.27   321.8   7.68
2022 353  9 55    9.46   -4.80   -8.17   321.1   7.67
2022 353  9 56    9.54   -4.91   -7.99   321.2   7.63
2022 353  9 57    9.62   -5.31   -7.41   321.0   7.49
2022 353  9 58    9.56   -5.03   -7.92   322.0   7.55
2022 353  9 59    9.49   -4.55   -8.44   322.3   7.55
2022 353 10  0    9.58   -4.64   -8.20   320.1   7.87
2022 353 10  1    9.55   -5.04   -7.68   320.1   7.87
2022 353 10  2    9.37   -5.29   -7.93   320.8   7.56
2022 353 10  3    9.41   -5.31   -7.86   321.1   7.38
2022 353 10  4    9.56   -5.55   -7.40   320.8   7.19
2022 353 10  5    9.67   -5.90   -6.70   322.0   7.09
2022 353 10  6    9.61   -6.09   -6.65   322.0   7.21
2022 353 10  7    9.55   -6.06   -6.58   322.1   7.51
2022 353 10  8    9.55   -6.03   -6.57 99999.9 999.99
2022 353 10  9    9.52   -6.03   -6.63 99999.9 999.99
2022 353 10 10    9.34   -6.11   -6.83   322.2   7.01
2022 353 10 11    9.36   -6.12   -6.76   322.2   7.01
2022 353 10 12    9.35   -6.11   -6.79   322.2   7.01
2022 353 10 13    9.35   -6.12   -6.72 99999.9 999.99
2022 353 10 14    9.82   -6.12   -5.76   321.1   7.76
2022 353 10 15    9.76   -6.19   -5.87   319.6   7.55
2022 353 10 16    9.66   -6.42   -5.86   319.2   7.50
2022 353 10 17    9.53   -6.35   -6.05   318.4   7.81
2022 353 10 18    9.63   -6.22   -6.08   318.3   7.98
2022 353 10 19    9.84   -7.06   -4.93   319.4   7.97
2022 353 10 20    9.93   -7.42   -4.38   322.3   7.68
2022 353 10 21   10.02   -7.49   -4.16   321.7   7.69
2022 353 10 22    9.99   -7.26   -4.46   321.1   7.42
2022 353 10 23   10.22   -7.58   -3.56   319.7   7.34
2022 353 10 24 9999.99 9999.99 9999.99 99999.9 999.99
2022 353 10 25   10.20   -7.65   -3.56 99999.9 999.99
2022 353 10 26   10.17   -7.72   -3.53   323.2   7.53
2022 353 10 27   10.22   -7.65   -3.50   323.2   7.53
2022 353 10 28   10.23   -7.62   -3.59 99999.9 999.99
2022 353 10 29   10.27   -7.53   -3.70 99999.9 999.99
2022 353 10 30   10.29   -7.49   -3.71 99999.9 999.99
2022 353 10 31   10.36   -7.41   -3.72 99999.9 999.99
2022 353 10 32   10.42   -7.32   -3.72   323.2   7.51
2022 353 10 33   10.25   -7.84   -3.15   323.2   7.51
2022 353 10 34   10.30   -7.71   -3.41   323.6   7.39
2022 353 10 35   10.31   -7.86   -3.04   323.3   7.27
2022 353 10 36   10.31   -7.88   -3.02   323.2   7.23
2022 353 10 37   10.23   -8.00   -3.01 99999.9 999.99
2022 353 10 38   10.23   -8.05   -2.96   323.2   6.96
2022 353 10 39   10.24   -8.03   -2.98   323.2   6.96
2022 353 10 40   10.25   -8.02   -2.98 99999.9 999.99
2022 353 10 41   10.31   -8.00   -2.84 99999.9 999.99
2022 353 10 42   10.26   -8.03   -2.80   323.9   7.29
2022 353 10 43   10.28   -8.00   -2.77   323.9   7.08
2022 353 10 44   10.26   -7.98   -2.51   323.5   6.95
2022 353 10 45    9.96   -8.61   -0.56   324.7   7.16
2022 353 10 46    9.79   -8.82   -0.35   327.0   7.23
2022 353 10 47    9.70   -8.92   -0.43   326.4   6.96
2022 353 10 48    9.63   -8.97   -0.37   326.3   6.80
2022 353 10 49    9.54   -9.05   -0.24   326.4   6.80
2022 353 10 50    9.49   -9.06   -0.02   326.4   6.80
2022 353 10 51    9.60   -8.94   -0.09   327.3   6.90
2022 353 10 52    9.75   -8.73   -0.26   326.7   6.86
2022 353 10 53   10.17   -8.36   -0.87   323.0   6.58
2022 353 10 54    9.82   -8.91   -0.17   325.4   6.50
2022 353 10 55    9.73   -9.03   -0.08   325.7   6.49
2022 353 10 56    9.63   -9.16    0.00   325.2   7.00
2022 353 10 57    9.87   -8.82   -0.45   325.2   7.00
2022 353 10 58    9.95   -8.72   -0.43   325.2   7.00
2022 353 10 59    9.91   -8.78   -0.44   325.2   6.53
2022 353 11  0    9.97   -8.68   -0.67   324.7   6.46
2022 353 11  1   10.09   -8.51   -1.00   323.1   6.21
2022 353 11  2   10.07   -8.60   -0.88   323.1   6.21
2022 353 11  3   10.10   -8.52   -0.84   325.6   6.44
2022 353 11  4   10.06   -8.54   -0.71   325.2   6.37
2022 353 11  5   10.14   -8.45   -0.79   325.3   6.29
2022 353 11  6    9.98   -8.65   -0.60   324.6   6.29
2022 353 11  7    9.96   -8.66   -0.62   324.4   6.30
2022 353 11  8    9.91   -8.72   -0.60   324.3   6.16
2022 353 11  9    9.94   -8.69   -0.66   324.3   6.16
2022 353 11 10    9.93   -8.70   -0.53 99999.9 999.99
2022 353 11 11    9.92   -8.72   -0.61   323.7   6.25
2022 353 11 12    9.93   -8.69   -0.67   323.7   6.24
2022 353 11 13    9.95   -8.66   -0.62   324.2   6.16
2022 353 11 14 9999.99 9999.99 9999.99   324.2   6.16
2022 353 11 15 9999.99 9999.99 9999.99 99999.9 999.99
2022 353 11 16 9999.99 9999.99 9999.99 99999.9 999.99
2022 353 11 17    9.91   -8.70   -0.61 99999.9 999.99
2022 353 11 18    9.91   -8.70   -0.62 99999.9 999.99
2022 353 11 19 9999.99 9999.99 9999.99 99999.9 999.99
2022 353 11 20    9.85   -8.77   -0.62 99999.9 999.99
2022 353 11 21    9.88   -8.74   -0.68 99999.9 999.99
2022 353 11 22    9.89   -8.74   -0.68 99999.9 999.99
2022 353 11 23    9.88   -8.73   -0.72 99999.9 999.99
2022 353 11 24    9.89   -8.72   -0.76 99999.9 999.99
2022 353 11 25    9.85   -8.77   -0.71   323.1   6.11
2022 353 11 26    9.83   -8.80   -0.57   323.1   6.11
2022 353 11 27    9.88   -8.71   -0.60   323.1   6.11
2022 353 11 28    9.85   -8.73   -0.46   323.2   6.12
2022 353 11 29    9.85   -8.68   -0.50   323.2   6.12
2022 353 11 30    9.82   -8.64   -0.55   323.2   6.12
2022 353 11 31    9.83   -8.52   -0.68   323.2   5.82
2022 353 11 32    9.89   -8.01   -1.29   323.4   6.02
2022 353 11 33    9.51   -8.10   -0.64   324.9   6.73
2022 353 11 34    9.26   -8.24   -0.50   327.4   6.97
2022 353 11 35    9.20   -8.31    1.02   328.5   6.87
2022 353 11 36    9.28   -8.35    0.72   327.6   7.02
2022 353 11 37    9.34   -8.39    0.05   326.3   7.23
2022 353 11 38    9.50   -8.18    0.04   328.5   6.89
2022 353 11 39    9.61   -8.13   -0.32   326.8   6.53
2022 353 11 40    9.63   -8.25   -0.35   325.2   6.19
2022 353 11 41    9.72   -8.11   -0.47   325.5   6.52
2022 353 11 42    9.51   -8.06   -0.53   325.7   6.66
2022 353 11 43    9.62   -7.56   -1.26   325.7   6.66
2022 353 11 44    9.68   -7.51   -1.18   326.9   6.76
2022 353 11 45    9.73   -7.48   -1.13   326.9   6.76
2022 353 11 46    9.99   -7.22   -1.12 99999.9 999.99
2022 353 11 47    9.89   -7.34   -1.05 99999.9 999.99
2022 353 11 48    9.87   -7.39   -1.01   324.5   6.80
2022 353 11 49    9.83   -7.47   -1.01   324.5   6.77
2022 353 11 50    9.75   -7.68   -1.01   324.5   6.36
2022 353 11 51    9.90   -7.75   -1.36   324.5   6.36
2022 353 11 52   10.03   -7.67   -1.66   325.5   5.95
2022 353 11 53   10.06   -7.49   -2.07   325.5   5.95
2022 353 11 54   10.08   -7.41   -2.02   326.1   6.11
2022 353 11 55   10.11   -7.31   -1.96   326.1   6.11
2022 353 11 56   10.08   -7.42   -1.82 99999.9 999.99
2022 353 11 57    9.97   -7.43   -2.32   324.8   6.55
2022 353 11 58    9.89   -7.21   -2.81   324.8   6.55
2022 353 11 59    9.82   -7.19   -3.15   324.9   6.04
2022 353 12  0    9.91   -7.36   -2.28   325.1   6.02
2022 353 12  1    9.74   -6.64   -2.99   329.7   6.10
2022 353 12  2 9999.99 9999.99 9999.99   331.0   6.21
2022 353 12  3    9.37   -5.81   -4.72 99999.9 999.99
2022 353 12  4    9.35   -5.43   -5.34   336.6   6.28
2022 353 12  5    9.26   -5.10   -5.85   337.9   6.51
2022 353 12  6    9.36   -5.22   -5.57   339.1   6.64
2022 353 12  7    9.47   -5.22   -5.37   338.4   6.72
2022 353 12  8    9.45   -5.37   -5.19   337.1   6.71
2022 353 12  9    9.41   -5.54   -5.03   341.6   6.91
2022 353 12 10    9.40   -5.53   -4.99   341.6   6.91
2022 353 12 11    9.32   -5.81   -4.73 99999.9 999.99
2022 353 12 12    9.11   -5.88   -4.51   341.0   6.84
2022 353 12 13    8.96   -5.78   -4.66   341.6   7.04
2022 353 12 14    9.22   -5.34   -4.59   342.0   7.16
2022 353 12 15    9.25   -5.28   -4.58   340.8   6.66
2022 353 12 16    8.90   -5.78   -4.77   340.8   6.66
2022 353 12 17    8.19   -6.80   -4.58   341.0   6.67
2022 353 12 18    8.03   -6.85   -4.80   341.9   6.69
2022 353 12 19    8.46   -6.44   -4.57   341.9   6.69
2022 353 12 20    8.59   -6.12   -4.67 99999.9 999.99
2022 353 12 21    8.67   -5.67   -4.99   339.3   6.55
2022 353 12 22    8.71   -5.87   -4.73   339.3   6.55
2022 353 12 23    8.71   -6.07   -4.44   338.9   6.88
2022 353 12 24    8.87   -5.90   -4.31   338.9   6.88
2022 353 12 25    9.04   -5.58   -4.53   337.9   7.20
2022 353 12 26    8.98   -5.26   -4.88   337.6   7.30
2022 353 12 27    9.08   -6.27   -3.18   342.1   7.17
2022 353 12 28    9.06   -6.34   -3.15   342.1   7.17
2022 353 12 29    9.06   -6.05   -3.43   342.1   7.17
2022 353 12 30    8.83   -6.22   -3.68   342.2   7.61
2022 353 12 31    8.81   -6.07   -3.95   342.5   7.64
2022 353 12 32    8.95   -6.20   -3.44   342.8   7.70
2022 353 12 33    8.92   -6.25   -3.45   342.7   7.78
2022 353 12 34    8.77   -6.40   -3.63   342.7   7.78
2022 353 12 35    8.79   -6.51   -3.31   343.5   7.86
2022 353 12 36    8.88   -6.54   -3.14   343.5   7.85
2022 353 12 37    9.09   -6.40   -3.10   342.6   7.39
2022 353 12 38    9.05   -6.39   -3.13   342.5   7.47
2022 353 12 39    9.05   -6.58   -2.62   342.0   7.92
2022 353 12 40    9.01   -6.76   -2.34   343.3   7.70
2022 353 12 41    8.97   -6.84   -2.29   342.9   7.46
2022 353 12 42    8.93   -7.15   -1.83   342.9   7.45
2022 353 12 43    8.70   -7.19   -2.46 99999.9 999.99
2022 353 12 44    9.10   -7.03   -1.19 99999.9 999.99
2022 353 12 45 9999.99 9999.99 9999.99 99999.9 999.99
2022 353 12 46    8.62   -6.85   -2.59   340.4   7.27
2022 353 12 47    8.43   -5.74   -4.50   347.3   7.35
2022 353 12 48    8.74   -6.91   -2.56   346.4   7.36
2022 353 12 49    8.77   -6.94   -2.40   343.6   7.16
2022 353 12 50    8.93   -6.66   -2.89   343.6   7.16
2022 353 12 51    8.84   -7.04   -2.09   343.3   7.30
2022 353 12 52    8.73   -7.30   -0.90   343.9   7.77
2022 353 12 53    8.67   -7.40   -0.54   346.5   7.66
2022 353 12 54    8.43   -7.56    0.30   349.2   8.26
2022 353 12 55    7.97   -7.93    1.17   349.9   8.01
2022 353 12 56    7.47   -8.28    2.11   350.6   7.72
2022 353 12 57    7.92   -7.90    1.62   350.6   7.72
2022 353 12 58    8.42   -7.55    0.44   345.3   8.10
2022 353 12 59    8.39   -7.62    0.15   345.1   7.96
2022 353 13  0    8.38   -7.71    0.29   345.5   8.02
2022 353 13  1    8.38   -7.66   -0.04   347.2   8.44
2022 353 13  2    8.30   -7.69   -0.14   347.2   8.44
2022 353 13  3    8.39   -7.54   -0.16   345.9   7.45
2022 353 13  4    8.77   -6.67   -1.72   345.9   7.45
2022 353 13  5    9.35   -5.65   -3.62   343.1   7.73
2022 353 13  6    9.07   -5.83   -4.17   344.1   7.94
2022 353 13  7    9.05   -5.65   -4.41   345.0   7.93
2022 353 13  8    9.10   -5.93   -3.87   345.0   7.93
2022 353 13  9    9.13   -6.14   -3.45   345.0   7.96
2022 353 13 10    9.18   -6.07   -3.42   345.0   7.96
2022 353 13 11    9.23   -5.89   -3.55 99999.9 999.99
2022 353 13 12    9.21   -5.99   -3.49 99999.9 999.99
2022 353 13 13    9.28   -5.99   -3.17 99999.9 999.99
2022 353 13 14    9.32   -6.04   -2.91   342.0   7.64
2022 353 13 15    9.41   -5.81   -3.09   342.0   7.64
2022 353 13 16    9.38   -5.93   -2.93 99999.9 999.99
2022 353 13 17    9.41   -5.83   -3.09   342.5   7.62
2022 353 13 18    9.42   -5.96   -2.87   342.5   7.62
2022 353 13 19    9.43   -6.00   -2.74 99999.9 999.99
2022 353 13 20    9.34   -6.20   -2.26   342.9   7.58
2022 353 13 21    8.94   -6.95   -1.45   344.1   7.67
2022 353 13 22    9.12   -6.77   -1.57   343.4   7.44
2022 353 13 23    9.00   -6.10   -3.78   343.4   7.43
2022 353 13 24    9.33   -4.60   -4.87   345.6   7.35
2022 353 13 25    9.22   -5.49   -3.86   345.3   7.39
2022 353 13 26    9.13   -5.53   -3.81   344.9   7.40
2022 353 13 27    9.14   -4.94   -4.80   344.6   7.26
2022 353 13 28    9.24   -5.17   -4.57   344.1   7.20
2022 353 13 29    9.42   -5.52   -3.75 99999.9 999.99
2022 353 13 30    9.45   -5.47   -3.60 99999.9 999.99
2022 353 13 31 9999.99 9999.99 9999.99 99999.9 999.99
2022 353 13 32    9.50   -4.81   -4.19 99999.9 999.99
2022 353 13 33    9.48   -4.82   -4.17 99999.9 999.99
2022 353 13 34    9.48   -4.82   -4.17 99999.9 999.99
2022 353 13 35    9.46   -5.16   -3.79 99999.9 999.99
2022 353 13 36    9.50   -5.17   -3.66 99999.9 999.99
2022 353 13 37    9.52   -5.34   -3.40 99999.9 999.99
2022 353 13 38    9.54   -5.38   -3.35 99999.9 999.99
2022 353 13 39    9.57   -5.28   -3.47 99999.9 999.99
2022 353 13 40    9.57   -5.28   -3.47 99999.9 999.99
2022 353 13 41    9.61   -5.12   -3.60 99999.9 999.99
2022 353 13 42    9.55   -5.01   -3.68 99999.9 999.99
2022 353 13 43    9.54   -5.05   -3.66 99999.9 999.99
2022 353 13 44    9.62   -4.71   -3.70   340.8   7.92
2022 353 13 45    9.55   -4.80   -3.44   342.1   7.49
2022 353 13 46    9.29   -5.53   -3.19   342.7   7.26
2022 353 13 47    9.45   -5.71   -3.03   343.8   7.29
2022 353 13 48    9.49   -5.27   -3.36   343.8   7.26
2022 353 13 49    9.66   -5.23   -3.14   342.1   7.35
2022 353 13 50    9.49   -5.58   -2.92   342.5   7.28
2022 353 13 51    9.59   -5.48   -2.76   343.2   7.33
2022 353 13 52    9.73   -5.22   -2.82   343.1   7.34
2022 353 13 53    9.69   -5.36   -2.83   341.5   7.01
2022 353 13 54    9.73   -5.31   -2.82   341.7   7.22
2022 353 13 55    9.70   -5.33   -2.81   342.0   7.35
2022 353 13 56    9.69   -5.45   -2.71   342.0   7.09
2022 353 13 57    9.74   -5.08   -3.03   341.9   6.96
2022 353 13 58    9.65   -4.94   -3.23   342.0   6.99
2022 353 13 59    9.54   -5.06   -3.33   340.7   7.85
2022 353 14  0    9.44   -5.42   -3.00   340.7   7.85
2022 353 14  1    9.72   -4.87   -3.21 99999.9 999.99
2022 353 14  2    9.62   -4.99   -3.35   341.2   7.12
2022 353 14  3    9.88   -4.27   -3.41   340.8   7.39
2022 353 14  4    9.84   -4.45   -3.30   340.3   7.49
2022 353 14  5    9.73   -5.38   -1.97   340.0   7.06
2022 353 14  6    9.76   -5.42   -1.85   339.9   7.28
2022 353 14  7    9.77   -5.28   -2.13   341.1   7.18
2022 353 14  8    9.79   -4.96   -2.97   341.9   7.08
2022 353 14  9    9.92   -5.19   -1.71   342.2   6.98
2022 353 14 10    9.80   -5.00   -3.20   340.0   7.35
2022 353 14 11    9.65   -5.12   -3.25 99999.9 999.99
2022 353 14 12    9.69   -4.82   -3.54   344.4   7.30
2022 353 14 13    9.59   -5.26   -3.26   344.4   7.30
2022 353 14 14    9.75   -4.99   -3.29   344.4   7.30
2022 353 14 15   10.05   -4.35   -3.24 99999.9 999.99
2022 353 14 16    9.99   -4.51   -3.21   341.8   7.02
2022 353 14 17    9.78   -4.92   -3.31   340.9   7.14
2022 353 14 18    9.67   -5.31   -3.19   341.6   6.87
2022 353 14 19    9.50   -6.12   -2.31   341.6   6.94
2022 353 14 20    9.45   -6.21   -2.29   342.8   7.11
2022 353 14 21    9.39   -6.16   -2.76   342.6   7.10
2022 353 14 22    9.38   -5.82   -3.35   342.6   7.10
2022 353 14 23    9.18   -6.34   -2.94 99999.9 999.99
2022 353 14 24    9.18   -6.60   -2.31   343.2   7.07
2022 353 14 25    8.62   -7.41   -1.49   344.5   7.19
2022 353 14 26    8.47   -1.98   -6.83   349.9   7.18
2022 353 14 27    8.48   -2.72   -7.02   350.6   7.16
2022 353 14 28    8.31   -2.77   -7.19 99999.9 999.99
2022 353 14 29    9.93   -2.34   -4.75 99999.9 999.99
2022 353 14 30    9.88   -3.96   -3.86 99999.9 999.99
2022 353 14 31    9.73   -4.74   -3.32 99999.9 999.99
2022 353 14 32    9.65   -5.42   -2.72   342.5   7.59
2022 353 14 33 9999.99 9999.99 9999.99   342.5   7.58
2022 353 14 34    9.30   -6.66   -1.42   342.0   7.46
2022 353 14 35    9.32   -6.64   -1.45   342.1   7.28
2022 353 14 36    9.38   -6.50   -1.70   341.6   7.36
2022 353 14 37    9.28   -6.67   -1.47   341.4   7.40
2022 353 14 38    9.31   -6.64   -1.42   343.3   7.34
2022 353 14 39    9.34   -6.53   -1.50   341.5   7.04
2022 353 14 40    9.46   -6.35   -1.94   340.3   6.80
2022 353 14 41    9.57   -6.10   -2.55   340.1   6.76
2022 353 14 42    9.45   -6.34   -2.29   339.3   7.29
2022 353 14 43    9.37   -6.55   -1.91   339.3   7.29
2022 353 14 44    9.31   -6.55   -2.14 99999.9 999.99
2022 353 14 45    9.44   -6.19   -2.54   339.8   7.42
2022 353 14 46    9.72   -4.90   -3.52   339.0   7.45
2022 353 14 47    9.60   -5.12   -3.52   338.6   7.47
2022 353 14 48    9.59   -5.62   -2.95   338.6   7.25
2022 353 14 49    9.38   -6.32   -2.18   338.9   7.37
2022 353 14 50    9.32   -6.50   -2.00   339.0   7.42
2022 353 14 51    9.39   -6.45   -2.31 99999.9 999.99
2022 353 14 52    9.32   -6.59   -1.55   338.5   7.00
2022 353 14 53    9.39   -6.36   -2.16   338.2   7.31
2022 353 14 54    9.35   -6.44   -2.50   338.0   7.47
2022 353 14 55 9999.99 9999.99 9999.99 99999.9 999.99
2022 353 14 56    9.33   -6.65   -0.99 99999.9 999.99
2022 353 14 57    9.05   -6.90   -1.33 99999.9 999.99
2022 353 14 58    9.10   -6.84   -1.89   341.4   7.46
2022 353 14 59    8.89   -7.11   -1.26   341.4   7.46
2022 353 15  0    8.71   -7.30   -1.04   347.7   7.50
2022 353 15  1    7.78   -8.23    1.15   347.7   7.50
2022 353 15  2    8.04   -8.24    1.31   347.7   7.50
2022 353 15  3    8.04   -8.26    1.40   344.5   7.51
2022 353 15  4    8.31   -8.09    1.01   344.5   7.51
2022 353 15  5    8.58   -7.75    0.90 99999.9 999.99
2022 353 15  6    8.81   -7.47    0.34   340.1   7.74
2022 353 15  7    8.97   -7.38    0.37   340.1   7.74
2022 353 15  8    8.83   -7.45    0.97   340.6   7.86
2022 353 15  9    9.01   -7.36    0.53   342.1   7.21
2022 353 15 10    9.17   -7.14    0.49   342.5   7.04
2022 353 15 11    9.11   -7.18    0.34 99999.9 999.99
2022 353 15 12    8.88   -7.49   -0.09   338.3   7.46
2022 353 15 13    8.61   -7.50   -1.58   339.5   7.56
2022 353 15 14    8.69   -7.25   -1.82   339.6   7.53
2022 353 15 15    8.96   -6.30   -2.50   331.2   7.41
2022 353 15 16    8.98   -6.46   -2.23   328.4   8.24
2022 353 15 17    9.13   -6.93   -1.00   335.2   7.31
2022 353 15 18    9.21   -6.43   -1.75   335.6   7.23
2022 353 15 19    9.26   -6.20   -1.73   333.2   7.98
2022 353 15 20    9.26   -6.56   -1.58   332.8   8.03
2022 353 15 21    9.03   -6.71   -1.78   332.5   8.04
2022 353 15 22    9.09   -6.38   -2.07   333.2   8.21
2022 353 15 23    9.04   -6.34   -1.94   334.0   7.40
2022 353 15 24    9.17   -4.84   -3.70   333.4   7.85
2022 353 15 25    9.17   -4.84   -3.70 99999.9 999.99
2022 353 15 26    9.23   -4.83   -3.61 99999.9 999.99
2022 353 15 27    9.26   -4.71   -3.60 99999.9 999.99
2022 353 15 28 9999.99 9999.99 9999.99 99999.9 999.99
2022 353 15 29    9.66   -4.24   -3.54   328.7   8.02
2022 353 15 30   10.02   -3.55   -3.78   328.7   8.02
2022 353 15 31    9.41   -4.90   -3.28 99999.9 999.99
2022 353 15 32    9.17   -5.49   -3.04 99999.9 999.99
2022 353 15 33    9.43   -5.04   -3.40   331.8   7.58
2022 353 15 34    9.16   -5.42   -3.50   331.8   7.58
2022 353 15 35    9.03   -5.58   -3.56   331.8   7.58
2022 353 15 36    9.00   -5.78   -3.24 99999.9 999.99
2022 353 15 37    8.87   -5.79   -3.52 99999.9 999.99
2022 353 15 38    8.84   -5.70   -3.68 99999.9 999.99
2022 353 15 39    8.81   -5.76   -3.74 99999.9 999.99
2022 353 15 40    8.81   -5.76   -3.74 99999.9 999.99
2022 353 15 41    8.92   -5.85   -3.55   333.0   7.42
2022 353 15 42 9999.99 9999.99 9999.99   333.0   7.42
2022 353 15 43    9.09   -5.58   -3.92 99999.9 999.99
2022 353 15 44 9999.99 9999.99 9999.99 99999.9 999.99
2022 353 15 45    9.11   -5.53   -3.89 99999.9 999.99
2022 353 15 46    8.89   -5.50   -4.14 99999.9 999.99
2022 353 15 47    8.89   -5.49   -4.14 99999.9 999.99
2022 353 15 48    9.10   -5.58   -3.43 99999.9 999.99
2022 353 15 49 9999.99 9999.99 9999.99 99999.9 999.99
2022 353 15 50    9.13   -5.66   -3.15 99999.9 999.99
2022 353 15 51 9999.99 9999.99 9999.99 99999.9 999.99
2022 353 15 52    9.26   -5.59   -2.74   324.8   7.37
2022 353 15 53    9.33   -5.48   -2.73   324.8   7.37
2022 353 15 54    9.46   -5.47   -2.50 99999.9 999.99
2022 353 15 55    9.46   -5.47   -2.50 99999.9 999.99
2022 353 15 56    9.44   -5.54   -2.48 99999.9 999.99
2022 353 15 57    8.88   -5.49   -3.04   319.6   9.20
2022 353 15 58    8.82   -5.51   -3.01   319.6   9.20
2022 353 15 59    8.79   -5.54   -2.92 99999.9 999.99
2022 353 16  0    8.89   -5.57   -2.73   318.3   8.84
2022 353 16  1    8.88   -5.58   -2.81   320.2   8.43
2022 353 16  2    8.99   -5.50   -2.94   322.8   7.88
2022 353 16  3    9.10   -5.60   -2.67   318.6   8.38
2022 353 16  4    9.06   -5.66   -2.61   318.6   8.38
2022 353 16  5    8.88   -6.00   -2.36   318.0   8.94
2022 353 16  6    8.99   -5.84   -2.38   318.3   8.37
2022 353 16  7    8.82   -6.17   -2.45   318.5   7.82
2022 353 16  8    8.98   -5.78   -2.82   322.2   7.80
2022 353 16  9    8.94   -5.75   -3.23   324.9   7.68
2022 353 16 10    8.92   -5.26   -3.69   324.6   7.63
2022 353 16 11    8.82   -4.96   -4.12   326.1   7.75
2022 353 16 12    8.89   -5.19   -4.23   326.1   7.75
2022 353 16 13    8.91   -5.21   -3.92   318.5   8.47
2022 353 16 14    8.89   -5.10   -4.49   318.5   8.47
2022 353 16 15    9.00   -5.10   -4.58 99999.9 999.99
2022 353 16 16    8.89   -4.99   -4.47   330.5   6.54
2022 353 16 17    8.87   -5.05   -4.03   330.4   6.57
2022 353 16 18    8.83   -5.04   -3.98   323.0   8.06
2022 353 16 19    8.69   -4.81   -4.80   325.3   7.38
2022 353 16 20    8.41   -5.68   -4.39   328.2   7.42
2022 353 16 21    8.43   -5.55   -4.26   328.2   7.42
2022 353 16 22    8.31   -4.99   -4.65   328.2   7.42
2022 353 16 23    8.82   -2.03   -5.71 99999.9 999.99
2022 353 16 24    8.86   -1.76   -5.82 99999.9 999.99
2022 353 16 25    8.40   -5.70   -4.21 99999.9 999.99
2022 353 16 26    9.07   -1.47   -5.57 99999.9 999.99
2022 353 16 27    8.42   -5.41   -4.51 99999.9 999.99
2022 353 16 28    8.64   -4.30   -4.84 99999.9 999.99
2022 353 16 29    8.69   -2.05   -5.98 99999.9 999.99
2022 353 16 30    9.00   -2.39   -5.20   328.0   7.84
2022 353 16 31    8.79   -3.78   -4.88   328.0   7.84
2022 353 16 32    8.70   -4.58   -4.73   328.0   7.84
2022 353 16 33    8.89   -4.95   -3.84 99999.9 999.99
2022 353 16 34    8.49   -5.88   -3.78   323.6   7.42
2022 353 16 35    8.65   -5.38   -3.87   323.1   7.55
2022 353 16 36    8.47   -5.10   -4.27 99999.9 999.99
2022 353 16 37    8.57   -4.44   -4.39 99999.9 999.99
2022 353 16 38    8.26   -5.24   -4.73   322.1   7.57
2022 353 16 39    8.30   -5.06   -4.62   325.1   7.64
2022 353 16 40    8.18   -5.59   -4.65   327.3   7.60
2022 353 16 41    8.58   -4.67   -4.31   330.1   7.47
2022 353 16 42    8.20   -5.17   -4.75   329.8   7.63
2022 353 16 43    8.37   -4.56   -4.66   329.9   8.33
2022 353 16 44    8.55   -5.48   -4.01   330.8   8.70
2022 353 16 45    8.70   -5.25   -3.91   322.2   7.40
2022 353 16 46    8.65   -6.62   -1.91   324.2   7.32
2022 353 16 47    8.82   -5.76   -2.45   319.0   7.46
2022 353 16 48    8.46   -6.37   -2.85   319.5   7.42
2022 353 16 49    8.64   -4.18   -4.49 99999.9 999.99
2022 353 16 50    8.57   -5.61   -4.01   321.9   7.54
2022 353 16 51    8.80   -4.81   -3.42   321.9   7.54
2022 353 16 52    8.64   -5.59   -3.02   321.9   7.54
2022 353 16 53    8.64   -5.49   -3.06 99999.9 999.99
2022 353 16 54    8.85   -4.77   -2.95   324.8   6.98
2022 353 16 55    8.83   -6.46   -1.38   325.9   7.84
2022 353 16 56    8.66   -6.20   -1.65   329.6   8.34
2022 353 16 57    8.54   -6.54   -0.85   329.3   8.26
2022 353 16 58    8.88   -4.79   -3.22   330.8   8.48
2022 353 16 59    8.98   -3.28   -4.01   339.9   8.72
2022 353 17  0    8.70   -6.14   -1.84   340.9   8.69
2022 353 17  1    9.33   -3.54   -4.00   340.9   8.69
2022 353 17  2    9.10   -5.26   -3.01   338.1   8.85
2022 353 17  3    9.10   -4.66   -3.77   339.6   9.31
2022 353 17  4    8.95   -2.15   -5.20   342.1   9.92
2022 353 17  5 9999.99 9999.99 9999.99   338.9   9.13
2022 353 17  6    9.54   -2.24   -3.09   338.9   9.13
2022 353 17  7    9.68   -1.53   -3.61   338.9   9.13
2022 353 17  8    8.33   -6.08   -2.79 99999.9 999.99
2022 353 17  9    8.60   -5.81   -2.22   346.6   9.72
2022 353 17 10    8.53   -6.02   -1.98   342.8   9.05
2022 353 17 11    8.16   -6.65   -2.47   339.5   8.46
2022 353 17 12    7.95   -6.41   -3.05   348.4  11.16
2022 353 17 13    8.22   -4.49   -4.48   348.4  11.16
2022 353 17 14    8.66   -6.38   -1.17   348.4  11.16
2022 353 17 15    8.46   -2.65   -6.10 99999.9 999.99
2022 353 17 16    8.49   -4.92   -3.57 99999.9 999.99
2022 353 17 17    8.51   -4.33   -3.57   342.4   9.50
2022 353 17 18    8.59   -4.93   -3.34   342.4   9.50
2022 353 17 19    8.44   -5.33   -3.38 99999.9 999.99
2022 353 17 20    8.35   -5.85   -2.87   343.5   8.31
2022 353 17 21    8.37   -4.89   -3.40   343.5   8.31
2022 353 17 22    8.40   -5.57   -2.76   335.2   8.13
2022 353 17 23    6.75   -5.40   -6.67   335.2   8.13
2022 353 17 24    8.01   -4.01   -5.41 99999.9 999.99
2022 353 17 25    7.30   -4.85   -5.98   347.9   9.54
2022 353 17 26    7.75   -4.12   -6.28   346.8   9.56
2022 353 17 27    8.51   -4.72   -4.53   341.7   9.67
2022 353 17 28    7.84   -3.25   -6.61   343.8  10.08
2022 353 17 29    8.31   -4.15   -5.16   344.4   9.70
2022 353 17 30    7.74   -3.91   -6.47   344.8   9.53
2022 353 17 31    8.16   -3.50   -6.14   346.2   9.69
2022 353 17 32    8.29   -4.06   -4.92   348.0   9.90
2022 353 17 33    8.45   -4.42   -4.29   341.7  10.00
2022 353 17 34    8.56   -3.74   -4.82   341.2   9.28
2022 353 17 35    8.31   -3.63   -5.27   339.7   9.04
2022 353 17 36    8.14   -3.65   -5.29   332.5   8.26
2022 353 17 37    8.89   -2.66   -4.91   346.2  10.04
2022 353 17 38    8.56   -3.66   -5.03   343.4   9.12
2022 353 17 39    8.63   -5.03   -4.09   342.2   8.63
2022 353 17 40    9.03   -5.62   -2.78   331.3   5.95
2022 353 17 41    8.57   -4.43   -4.75   332.7   5.92
2022 353 17 42    8.44   -4.28   -5.24   337.8   8.37
2022 353 17 43    9.32   -4.56   -3.54   330.1   6.85
2022 353 17 44    8.57   -4.05   -5.20   329.0   6.42
2022 353 17 45    8.75   -3.76   -5.13   351.0  10.67
2022 353 17 46    8.51   -4.95   -4.63   347.6   9.87
2022 353 17 47    8.87   -5.24   -3.71   339.3   8.22
2022 353 17 48    8.81   -4.85   -4.07   334.7   6.66
2022 353 17 49    8.77   -4.44   -4.59   335.9   8.45
2022 353 17 50    8.49   -3.65   -5.39   338.2   9.01
2022 353 17 51    8.70   -3.10   -5.46   339.3   9.24
2022 353 17 52    8.55   -3.77   -5.36   340.7   9.98
2022 353 17 53    8.25   -3.39   -5.98   340.9  10.26
2022 353 17 54    8.32   -3.80   -5.52   334.7   7.55
2022 353 17 55    8.50   -3.51   -5.62   334.9   8.30
2022 353 17 56    8.20   -3.21   -6.16   338.9   8.35
2022 353 17 57    8.14   -3.50   -6.32   345.2   9.29
2022 353 17 58    7.83   -3.05   -6.80   344.3  10.35
2022 353 17 59    7.93   -2.81   -6.87   340.9   9.28
2022 353 18  0    7.94   -3.26   -6.66   343.3   9.25
2022 353 18  1    8.78    0.43   -4.68   342.1   9.36
2022 353 18  2    8.16    0.99   -5.22   349.0  10.87
2022 353 18  3    8.49   -3.95   -5.07   356.1   7.71
2022 353 18  4    8.74   -3.47   -4.96   352.8   8.00
2022 353 18  5    8.40   -4.35   -5.10   341.8   9.25
2022 353 18  6    8.58   -4.03   -5.13   340.4   8.61
2022 353 18  7    8.52   -4.09   -5.05   338.7   8.62
2022 353 18  8    8.48   -3.85   -5.22   340.7   9.00
2022 353 18  9    8.45   -3.88   -5.36   342.1   9.10
2022 353 18 10    8.50   -3.69   -5.30   340.4   9.09
2022 353 18 11    8.28   -3.87   -5.40   337.2   8.82
2022 353 18 12    8.20   -3.60   -5.90   335.6   8.26
2022 353 18 13    7.70   -4.25   -6.06   343.5   8.44
2022 353 18 14    7.67   -4.17   -6.21   346.7   8.37
2022 353 18 15    8.15   -3.78   -5.78   342.6   8.09
2022 353 18 16    7.91   -3.74   -6.13   339.1   8.40
2022 353 18 17    8.08   -4.24   -5.65   338.0   8.32
2022 353 18 18    7.97   -4.19   -5.89 99999.9 999.99
2022 353 18 19    7.57   -5.53   -5.58   339.8   8.79
2022 353 18 20    8.12   -3.93   -5.77   345.5   8.87
2022 353 18 21    7.97   -4.18   -5.81   342.3   9.27
2022 353 18 22    8.14   -3.88   -6.01   337.5   9.62
2022 353 18 23    8.16   -4.30   -5.61   343.0   8.64
2022 353 18 24    8.11   -4.35   -5.65   343.0   8.64
2022 353 18 25    7.42   -5.00   -6.12   340.5   9.32
2022 353 18 26    8.11   -3.13   -6.51   340.5   9.32
2022 353 18 27    7.42   -4.39   -6.28   340.5   9.32
2022 353 18 28    7.60   -5.35   -5.23   337.2   7.63
2022 353 18 29    7.74   -5.04   -5.38   337.2   7.63
2022 353 18 30    7.97   -5.11   -4.86   338.3   8.20
2022 353 18 31    7.88   -5.85   -4.33   338.1   8.16
2022 353 18 32    7.71   -5.79   -4.76   337.4   8.32
2022 353 18 33    7.91   -4.38   -5.73   338.8   9.79
2022 353 18 34    8.26   -3.93   -5.57   339.2   9.54
2022 353 18 35    7.84   -5.04   -5.44   341.5   9.53
2022 353 18 36    8.04   -5.24   -4.98   338.4   8.50
2022 353 18 37    7.59   -5.27   -5.53   334.9   7.94
2022 353 18 38    7.81   -4.58   -5.83   336.4   7.99
2022 353 18 39    8.26   -4.38   -5.31   336.1   8.06
2022 353 18 40    8.46   -3.83   -5.49   335.0   8.28
2022 353 18 41    8.02   -5.01   -5.27   335.7   7.74
2022 353 18 42    8.10   -4.45   -5.36   338.8   7.66
2022 353 18 43    7.58   -5.60   -5.50   339.3   7.65
2022 353 18 44    8.07   -4.36   -5.68   335.6   8.16
2022 353 18 45    8.12   -4.34   -5.55   336.2   7.85
2022 353 18 46    8.02   -4.39   -5.55   338.2   7.15
2022 353 18 47    8.16   -3.91   -5.60   336.6   7.88
2022 353 18 48    7.65   -5.34   -5.71   337.8   7.44
2022 353 18 49    8.09   -4.45   -5.63   339.0   6.97
2022 353 18 50    7.56   -5.36   -5.31 99999.9 999.99
2022 353 18 51    6.62   -7.24   -5.12 99999.9 999.99
2022 353 18 52    7.09   -5.68   -6.07   344.0   9.08
2022 353 18 53    8.48   -3.79   -4.81   344.0   9.08
2022 353 18 54    7.66   -4.83   -6.22   344.0   9.08
2022 353 18 55    8.07   -3.06   -6.73 99999.9 999.99
2022 353 18 56    8.26   -3.69   -5.70 99999.9 999.99
2022 353 18 57    6.94   -6.95   -4.98 99999.9 999.99
2022 353 18 58    7.62   -5.47   -5.19   341.8   7.67
2022 353 18 59    7.44   -5.86   -5.31   341.8   7.67
